[0.021s] Invoking command in '/ros2_ws/build/led_matrix_pub': CMAKE_PREFIX_PATH=${CMAKE_PREFIX_PATH}:/opt/ros/humble /usr/bin/cmake /ros2_ws/src/led_matrix_pub -DCMAKE_INSTALL_PREFIX=/ros2_ws/install/led_matrix_pub
[0.128s] -- The C compiler identification is GNU 11.4.0
[0.207s] -- The CXX compiler identification is GNU 11.4.0
[0.218s] -- Detecting C compiler ABI info
[0.337s] -- Detecting C compiler ABI info - done
[0.350s] -- Check for working C compiler: /usr/bin/cc - skipped
[0.350s] -- Detecting C compile features
[0.350s] -- Detecting C compile features - done
[0.356s] -- Detecting CXX compiler ABI info
[0.474s] -- Detecting CXX compiler ABI info - done
[0.486s] -- Check for working CXX compiler: /usr/bin/c++ - skipped
[0.487s] -- Detecting CXX compile features
[0.487s] -- Detecting CXX compile features - done
[0.494s] -- Found ament_cmake: 1.3.11 (/opt/ros/humble/share/ament_cmake/cmake)
[0.617s] -- Found Python3: /usr/bin/python3 (found version "3.10.12") found components: Interpreter 
[0.726s] -- Found ament_lint_auto: 0.12.12 (/opt/ros/humble/share/ament_lint_auto/cmake)
[0.828s] -- Added test 'cppcheck' to perform static code analysis on C / C++ code
[0.828s] -- Configured cppcheck include dirs: 
[0.828s] -- Configured cppcheck exclude dirs and/or files: 
[0.832s] -- Added test 'lint_cmake' to check CMake code style
[0.839s] -- Added test 'uncrustify' to check C / C++ code style
[0.839s] -- Configured uncrustify additional arguments: 
[0.841s] -- Added test 'xmllint' to check XML markup files
[0.851s] -- Configuring done
[0.874s] -- Generating done
[0.889s] -- Build files have been written to: /ros2_ws/build/led_matrix_pub
[0.890s] Invoked command in '/ros2_ws/build/led_matrix_pub' returned '0': CMAKE_PREFIX_PATH=${CMAKE_PREFIX_PATH}:/opt/ros/humble /usr/bin/cmake /ros2_ws/src/led_matrix_pub -DCMAKE_INSTALL_PREFIX=/ros2_ws/install/led_matrix_pub
[0.893s] Invoking command in '/ros2_ws/build/led_matrix_pub': CMAKE_PREFIX_PATH=${CMAKE_PREFIX_PATH}:/opt/ros/humble /usr/bin/cmake --build /ros2_ws/build/led_matrix_pub -- -j8 -l8
[0.942s] Invoked command in '/ros2_ws/build/led_matrix_pub' returned '0': CMAKE_PREFIX_PATH=${CMAKE_PREFIX_PATH}:/opt/ros/humble /usr/bin/cmake --build /ros2_ws/build/led_matrix_pub -- -j8 -l8
[0.956s] Invoking command in '/ros2_ws/build/led_matrix_pub': CMAKE_PREFIX_PATH=${CMAKE_PREFIX_PATH}:/opt/ros/humble /usr/bin/cmake --install /ros2_ws/build/led_matrix_pub
[0.966s] -- Install configuration: ""
[0.968s] -- Installing: /ros2_ws/install/led_matrix_pub/share/ament_index/resource_index/package_run_dependencies/led_matrix_pub
[0.970s] -- Installing: /ros2_ws/install/led_matrix_pub/share/ament_index/resource_index/parent_prefix_path/led_matrix_pub
[0.973s] -- Installing: /ros2_ws/install/led_matrix_pub/share/led_matrix_pub/environment/ament_prefix_path.sh
[0.975s] -- Installing: /ros2_ws/install/led_matrix_pub/share/led_matrix_pub/environment/ament_prefix_path.dsv
[0.977s] -- Installing: /ros2_ws/install/led_matrix_pub/share/led_matrix_pub/environment/path.sh
[0.979s] -- Installing: /ros2_ws/install/led_matrix_pub/share/led_matrix_pub/environment/path.dsv
[0.981s] -- Installing: /ros2_ws/install/led_matrix_pub/share/led_matrix_pub/local_setup.bash
[0.983s] -- Installing: /ros2_ws/install/led_matrix_pub/share/led_matrix_pub/local_setup.sh
[0.985s] -- Installing: /ros2_ws/install/led_matrix_pub/share/led_matrix_pub/local_setup.zsh
[0.987s] -- Installing: /ros2_ws/install/led_matrix_pub/share/led_matrix_pub/local_setup.dsv
[0.989s] -- Installing: /ros2_ws/install/led_matrix_pub/share/led_matrix_pub/package.dsv
[0.992s] -- Installing: /ros2_ws/install/led_matrix_pub/share/ament_index/resource_index/packages/led_matrix_pub
[0.994s] -- Installing: /ros2_ws/install/led_matrix_pub/share/led_matrix_pub/cmake/led_matrix_pubConfig.cmake
[0.996s] -- Installing: /ros2_ws/install/led_matrix_pub/share/led_matrix_pub/cmake/led_matrix_pubConfig-version.cmake
[0.998s] -- Installing: /ros2_ws/install/led_matrix_pub/share/led_matrix_pub/package.xml
[1.002s] Invoked command in '/ros2_ws/build/led_matrix_pub' returned '0': CMAKE_PREFIX_PATH=${CMAKE_PREFIX_PATH}:/opt/ros/humble /usr/bin/cmake --install /ros2_ws/build/led_matrix_pub
