[0.109s] DEBUG:colcon:Command line arguments: ['/usr/bin/colcon', 'build', '--packages-select', 'led_matrix_msgs']
[0.110s] DEBUG:colcon:Parsed command line arguments: Namespace(log_base=None, log_level=None, verb_name='build', build_base='build', install_base='install', merge_install=False, symlink_install=False, test_result_base=None, continue_on_error=False, executor='parallel', parallel_workers=8, event_handlers=None, ignore_user_meta=False, metas=['./colcon.meta'], base_paths=['.'], packages_ignore=None, packages_ignore_regex=None, paths=None, packages_up_to=None, packages_up_to_regex=None, packages_above=None, packages_above_and_dependencies=None, packages_above_depth=None, packages_select_by_dep=None, packages_skip_by_dep=None, packages_skip_up_to=None, packages_select_build_failed=False, packages_skip_build_finished=False, packages_select_test_failures=False, packages_skip_test_passed=False, packages_select=['led_matrix_msgs'], packages_skip=None, packages_select_regex=None, packages_skip_regex=None, packages_start=None, packages_end=None, cmake_args=None, cmake_target=None, cmake_target_skip_unavailable=False, cmake_clean_cache=False, cmake_clean_first=False, cmake_force_configure=False, ament_cmake_args=None, catkin_cmake_args=None, catkin_skip_building_tests=False, mixin_files=None, mixin=None, verb_parser=<colcon_mixin.mixin.mixin_argument.MixinArgumentDecorator object at 0xffff7ff39b10>, verb_extension=<colcon_core.verb.build.BuildVerb object at 0xffff7ff390f0>, main=<bound method BuildVerb.main of <colcon_core.verb.build.BuildVerb object at 0xffff7ff390f0>>, mixin_verb=('build',))
[0.210s] Level 1:colcon.colcon_core.package_discovery:discover_packages(colcon_meta) check parameters
[0.211s] INFO:colcon.colcon_metadata.package_discovery.colcon_meta:Using configuration from '/root/.colcon/metadata/default/Gazebo.meta'
[0.211s] INFO:colcon.colcon_metadata.package_discovery.colcon_meta:Using configuration from '/root/.colcon/metadata/default/fastdds.meta'
[0.212s] INFO:colcon.colcon_metadata.package_discovery.colcon_meta:Using configuration from '/root/.colcon/metadata/default/fastrtps.meta'
[0.212s] Level 1:colcon.colcon_core.package_discovery:discover_packages(recursive) check parameters
[0.212s] Level 1:colcon.colcon_core.package_discovery:discover_packages(ignore) check parameters
[0.212s] Level 1:colcon.colcon_core.package_discovery:discover_packages(path) check parameters
[0.212s] Level 1:colcon.colcon_core.package_discovery:discover_packages(colcon_meta) discover
[0.213s] Level 1:colcon.colcon_core.package_discovery:discover_packages(recursive) discover
[0.213s] INFO:colcon.colcon_core.package_discovery:Crawling recursively for packages in '/ros2_ws'
[0.214s] Level 1:colcon.colcon_core.package_identification:_identify(.) by extensions ['ignore', 'ignore_ament_install']
[0.214s] Level 1:colcon.colcon_core.package_identification:_identify(.) by extension 'ignore'
[0.214s] Level 1:colcon.colcon_core.package_identification:_identify(.) by extension 'ignore_ament_install'
[0.215s] Level 1:colcon.colcon_core.package_identification:_identify(.) by extensions ['colcon_pkg']
[0.215s] Level 1:colcon.colcon_core.package_identification:_identify(.) by extension 'colcon_pkg'
[0.215s] Level 1:colcon.colcon_core.package_identification:_identify(.) by extensions ['colcon_meta']
[0.215s] Level 1:colcon.colcon_core.package_identification:_identify(.) by extension 'colcon_meta'
[0.215s] Level 1:colcon.colcon_core.package_identification:_identify(.) by extensions ['ros']
[0.215s] Level 1:colcon.colcon_core.package_identification:_identify(.) by extension 'ros'
[0.228s] Level 1:colcon.colcon_core.package_identification:_identify(.) by extensions ['cmake', 'python']
[0.228s] Level 1:colcon.colcon_core.package_identification:_identify(.) by extension 'cmake'
[0.228s] Level 1:colcon.colcon_core.package_identification:_identify(.) by extension 'python'
[0.228s] Level 1:colcon.colcon_core.package_identification:_identify(.) by extensions ['python_setup_py']
[0.229s] Level 1:colcon.colcon_core.package_identification:_identify(.) by extension 'python_setup_py'
[0.229s] Level 1:colcon.colcon_core.package_identification:_identify(build) by extensions ['ignore', 'ignore_ament_install']
[0.229s] Level 1:colcon.colcon_core.package_identification:_identify(build) by extension 'ignore'
[0.229s] Level 1:colcon.colcon_core.package_identification:_identify(build) ignored
[0.230s] Level 1:colcon.colcon_core.package_identification:_identify(install) by extensions ['ignore', 'ignore_ament_install']
[0.230s] Level 1:colcon.colcon_core.package_identification:_identify(install) by extension 'ignore'
[0.230s] Level 1:colcon.colcon_core.package_identification:_identify(install) ignored
[0.231s] Level 1:colcon.colcon_core.package_identification:_identify(log) by extensions ['ignore', 'ignore_ament_install']
[0.231s] Level 1:colcon.colcon_core.package_identification:_identify(log) by extension 'ignore'
[0.231s] Level 1:colcon.colcon_core.package_identification:_identify(log) ignored
[0.232s] Level 1:colcon.colcon_core.package_identification:_identify(src) by extensions ['ignore', 'ignore_ament_install']
[0.232s] Level 1:colcon.colcon_core.package_identification:_identify(src) by extension 'ignore'
[0.232s] Level 1:colcon.colcon_core.package_identification:_identify(src) by extension 'ignore_ament_install'
[0.232s] Level 1:colcon.colcon_core.package_identification:_identify(src) by extensions ['colcon_pkg']
[0.232s] Level 1:colcon.colcon_core.package_identification:_identify(src) by extension 'colcon_pkg'
[0.233s] Level 1:colcon.colcon_core.package_identification:_identify(src) by extensions ['colcon_meta']
[0.233s] Level 1:colcon.colcon_core.package_identification:_identify(src) by extension 'colcon_meta'
[0.233s] Level 1:colcon.colcon_core.package_identification:_identify(src) by extensions ['ros']
[0.233s] Level 1:colcon.colcon_core.package_identification:_identify(src) by extension 'ros'
[0.233s] Level 1:colcon.colcon_core.package_identification:_identify(src) by extensions ['cmake', 'python']
[0.233s] Level 1:colcon.colcon_core.package_identification:_identify(src) by extension 'cmake'
[0.234s] Level 1:colcon.colcon_core.package_identification:_identify(src) by extension 'python'
[0.234s] Level 1:colcon.colcon_core.package_identification:_identify(src) by extensions ['python_setup_py']
[0.234s] Level 1:colcon.colcon_core.package_identification:_identify(src) by extension 'python_setup_py'
[0.234s] Level 1:colcon.colcon_core.package_identification:_identify(src/led_matrix_msgs) by extensions ['ignore', 'ignore_ament_install']
[0.234s] Level 1:colcon.colcon_core.package_identification:_identify(src/led_matrix_msgs) by extension 'ignore'
[0.235s] Level 1:colcon.colcon_core.package_identification:_identify(src/led_matrix_msgs) by extension 'ignore_ament_install'
[0.235s] Level 1:colcon.colcon_core.package_identification:_identify(src/led_matrix_msgs) by extensions ['colcon_pkg']
[0.235s] Level 1:colcon.colcon_core.package_identification:_identify(src/led_matrix_msgs) by extension 'colcon_pkg'
[0.235s] Level 1:colcon.colcon_core.package_identification:_identify(src/led_matrix_msgs) by extensions ['colcon_meta']
[0.235s] Level 1:colcon.colcon_core.package_identification:_identify(src/led_matrix_msgs) by extension 'colcon_meta'
[0.235s] Level 1:colcon.colcon_core.package_identification:_identify(src/led_matrix_msgs) by extensions ['ros']
[0.236s] Level 1:colcon.colcon_core.package_identification:_identify(src/led_matrix_msgs) by extension 'ros'
[0.238s] DEBUG:colcon.colcon_core.package_identification:Package 'src/led_matrix_msgs' with type 'ros.ament_cmake' and name 'led_matrix_msgs'
[0.238s] Level 1:colcon.colcon_core.package_discovery:discover_packages(recursive) using defaults
[0.239s] Level 1:colcon.colcon_core.package_discovery:discover_packages(ignore) discover
[0.239s] Level 1:colcon.colcon_core.package_discovery:discover_packages(ignore) using defaults
[0.239s] Level 1:colcon.colcon_core.package_discovery:discover_packages(path) discover
[0.239s] Level 1:colcon.colcon_core.package_discovery:discover_packages(path) using defaults
[0.261s] Level 5:colcon.colcon_core.verb:set package 'led_matrix_msgs' build argument 'cmake_args' from command line to 'None'
[0.262s] Level 5:colcon.colcon_core.verb:set package 'led_matrix_msgs' build argument 'cmake_target' from command line to 'None'
[0.262s] Level 5:colcon.colcon_core.verb:set package 'led_matrix_msgs' build argument 'cmake_target_skip_unavailable' from command line to 'False'
[0.262s] Level 5:colcon.colcon_core.verb:set package 'led_matrix_msgs' build argument 'cmake_clean_cache' from command line to 'False'
[0.262s] Level 5:colcon.colcon_core.verb:set package 'led_matrix_msgs' build argument 'cmake_clean_first' from command line to 'False'
[0.262s] Level 5:colcon.colcon_core.verb:set package 'led_matrix_msgs' build argument 'cmake_force_configure' from command line to 'False'
[0.262s] Level 5:colcon.colcon_core.verb:set package 'led_matrix_msgs' build argument 'ament_cmake_args' from command line to 'None'
[0.262s] Level 5:colcon.colcon_core.verb:set package 'led_matrix_msgs' build argument 'catkin_cmake_args' from command line to 'None'
[0.262s] Level 5:colcon.colcon_core.verb:set package 'led_matrix_msgs' build argument 'catkin_skip_building_tests' from command line to 'False'
[0.262s] DEBUG:colcon.colcon_core.verb:Building package 'led_matrix_msgs' with the following arguments: {'ament_cmake_args': None, 'build_base': '/ros2_ws/build/led_matrix_msgs', 'catkin_cmake_args': None, 'catkin_skip_building_tests': False, 'cmake_args': None, 'cmake_clean_cache': False, 'cmake_clean_first': False, 'cmake_force_configure': False, 'cmake_target': None, 'cmake_target_skip_unavailable': False, 'install_base': '/ros2_ws/install/led_matrix_msgs', 'merge_install': False, 'path': '/ros2_ws/src/led_matrix_msgs', 'symlink_install': False, 'test_result_base': None}
[0.263s] INFO:colcon.colcon_core.executor:Executing jobs using 'parallel' executor
[0.264s] DEBUG:colcon.colcon_parallel_executor.executor.parallel:run_until_complete
[0.264s] INFO:colcon.colcon_ros.task.ament_cmake.build:Building ROS package in '/ros2_ws/src/led_matrix_msgs' with build type 'ament_cmake'
[0.264s] INFO:colcon.colcon_cmake.task.cmake.build:Building CMake package in '/ros2_ws/src/led_matrix_msgs'
[0.266s] INFO:colcon.colcon_core.plugin_system:Skipping extension 'colcon_core.shell.bat': Not used on non-Windows systems
[0.266s] INFO:colcon.colcon_core.shell:Skip shell extension 'powershell' for command environment: Not usable outside of PowerShell
[0.266s] DEBUG:colcon.colcon_core.shell:Skip shell extension 'dsv' for command environment
[0.284s] DEBUG:colcon.colcon_core.event_handler.log_command:Invoking command in '/ros2_ws/build/led_matrix_msgs': CMAKE_PREFIX_PATH=${CMAKE_PREFIX_PATH}:/opt/ros/humble /usr/bin/cmake --build /ros2_ws/build/led_matrix_msgs -- -j8 -l8
[4.013s] DEBUG:colcon.colcon_core.event_handler.log_command:Invoked command in '/ros2_ws/build/led_matrix_msgs' returned '0': CMAKE_PREFIX_PATH=${CMAKE_PREFIX_PATH}:/opt/ros/humble /usr/bin/cmake --build /ros2_ws/build/led_matrix_msgs -- -j8 -l8
[4.022s] DEBUG:colcon.colcon_core.event_handler.log_command:Invoking command in '/ros2_ws/build/led_matrix_msgs': CMAKE_PREFIX_PATH=${CMAKE_PREFIX_PATH}:/opt/ros/humble /usr/bin/cmake --install /ros2_ws/build/led_matrix_msgs
[4.286s] Level 1:colcon.colcon_core.environment:create_environment_scripts_only(led_matrix_msgs)
[4.288s] Level 1:colcon.colcon_core.environment:checking '/ros2_ws/install/led_matrix_msgs' for CMake module files
[4.289s] DEBUG:colcon.colcon_core.event_handler.log_command:Invoked command in '/ros2_ws/build/led_matrix_msgs' returned '0': CMAKE_PREFIX_PATH=${CMAKE_PREFIX_PATH}:/opt/ros/humble /usr/bin/cmake --install /ros2_ws/build/led_matrix_msgs
[4.293s] Level 1:colcon.colcon_core.environment:checking '/ros2_ws/install/led_matrix_msgs' for CMake config files
[4.297s] Level 1:colcon.colcon_core.shell:create_environment_hook('led_matrix_msgs', 'cmake_prefix_path')
[4.297s] INFO:colcon.colcon_core.shell:Creating environment hook '/ros2_ws/install/led_matrix_msgs/share/led_matrix_msgs/hook/cmake_prefix_path.ps1'
[4.298s] INFO:colcon.colcon_core.shell:Creating environment descriptor '/ros2_ws/install/led_matrix_msgs/share/led_matrix_msgs/hook/cmake_prefix_path.dsv'
[4.299s] INFO:colcon.colcon_core.shell:Creating environment hook '/ros2_ws/install/led_matrix_msgs/share/led_matrix_msgs/hook/cmake_prefix_path.sh'
[4.301s] Level 1:colcon.colcon_core.environment:checking '/ros2_ws/install/led_matrix_msgs/lib'
[4.301s] Level 1:colcon.colcon_core.shell:create_environment_hook('led_matrix_msgs', 'ld_library_path_lib')
[4.301s] INFO:colcon.colcon_core.shell:Creating environment hook '/ros2_ws/install/led_matrix_msgs/share/led_matrix_msgs/hook/ld_library_path_lib.ps1'
[4.302s] INFO:colcon.colcon_core.shell:Creating environment descriptor '/ros2_ws/install/led_matrix_msgs/share/led_matrix_msgs/hook/ld_library_path_lib.dsv'
[4.303s] INFO:colcon.colcon_core.shell:Creating environment hook '/ros2_ws/install/led_matrix_msgs/share/led_matrix_msgs/hook/ld_library_path_lib.sh'
[4.303s] Level 1:colcon.colcon_core.environment:checking '/ros2_ws/install/led_matrix_msgs/bin'
[4.303s] Level 1:colcon.colcon_core.environment:checking '/ros2_ws/install/led_matrix_msgs/lib/pkgconfig/led_matrix_msgs.pc'
[4.305s] Level 1:colcon.colcon_core.environment:checking '/ros2_ws/install/led_matrix_msgs/lib/python3.10/site-packages'
[4.305s] Level 1:colcon.colcon_core.environment:checking '/ros2_ws/install/led_matrix_msgs/bin'
[4.305s] INFO:colcon.colcon_core.shell:Creating package script '/ros2_ws/install/led_matrix_msgs/share/led_matrix_msgs/package.ps1'
[4.306s] INFO:colcon.colcon_core.shell:Creating package descriptor '/ros2_ws/install/led_matrix_msgs/share/led_matrix_msgs/package.dsv'
[4.307s] INFO:colcon.colcon_core.shell:Creating package script '/ros2_ws/install/led_matrix_msgs/share/led_matrix_msgs/package.sh'
[4.308s] INFO:colcon.colcon_core.shell:Creating package script '/ros2_ws/install/led_matrix_msgs/share/led_matrix_msgs/package.bash'
[4.309s] INFO:colcon.colcon_core.shell:Creating package script '/ros2_ws/install/led_matrix_msgs/share/led_matrix_msgs/package.zsh'
[4.310s] Level 1:colcon.colcon_core.environment:create_file_with_runtime_dependencies(/ros2_ws/install/led_matrix_msgs/share/colcon-core/packages/led_matrix_msgs)
[4.312s] Level 1:colcon.colcon_core.environment:create_environment_scripts_only(led_matrix_msgs)
[4.312s] Level 1:colcon.colcon_core.environment:checking '/ros2_ws/install/led_matrix_msgs' for CMake module files
[4.314s] Level 1:colcon.colcon_core.environment:checking '/ros2_ws/install/led_matrix_msgs' for CMake config files
[4.318s] Level 1:colcon.colcon_core.shell:create_environment_hook('led_matrix_msgs', 'cmake_prefix_path')
[4.318s] INFO:colcon.colcon_core.shell:Creating environment hook '/ros2_ws/install/led_matrix_msgs/share/led_matrix_msgs/hook/cmake_prefix_path.ps1'
[4.319s] INFO:colcon.colcon_core.shell:Creating environment descriptor '/ros2_ws/install/led_matrix_msgs/share/led_matrix_msgs/hook/cmake_prefix_path.dsv'
[4.319s] INFO:colcon.colcon_core.shell:Creating environment hook '/ros2_ws/install/led_matrix_msgs/share/led_matrix_msgs/hook/cmake_prefix_path.sh'
[4.320s] Level 1:colcon.colcon_core.environment:checking '/ros2_ws/install/led_matrix_msgs/lib'
[4.321s] Level 1:colcon.colcon_core.shell:create_environment_hook('led_matrix_msgs', 'ld_library_path_lib')
[4.321s] INFO:colcon.colcon_core.shell:Creating environment hook '/ros2_ws/install/led_matrix_msgs/share/led_matrix_msgs/hook/ld_library_path_lib.ps1'
[4.322s] INFO:colcon.colcon_core.shell:Creating environment descriptor '/ros2_ws/install/led_matrix_msgs/share/led_matrix_msgs/hook/ld_library_path_lib.dsv'
[4.322s] INFO:colcon.colcon_core.shell:Creating environment hook '/ros2_ws/install/led_matrix_msgs/share/led_matrix_msgs/hook/ld_library_path_lib.sh'
[4.323s] Level 1:colcon.colcon_core.environment:checking '/ros2_ws/install/led_matrix_msgs/bin'
[4.323s] Level 1:colcon.colcon_core.environment:checking '/ros2_ws/install/led_matrix_msgs/lib/pkgconfig/led_matrix_msgs.pc'
[4.323s] Level 1:colcon.colcon_core.environment:checking '/ros2_ws/install/led_matrix_msgs/lib/python3.10/site-packages'
[4.323s] Level 1:colcon.colcon_core.environment:checking '/ros2_ws/install/led_matrix_msgs/bin'
[4.324s] INFO:colcon.colcon_core.shell:Creating package script '/ros2_ws/install/led_matrix_msgs/share/led_matrix_msgs/package.ps1'
[4.324s] INFO:colcon.colcon_core.shell:Creating package descriptor '/ros2_ws/install/led_matrix_msgs/share/led_matrix_msgs/package.dsv'
[4.325s] INFO:colcon.colcon_core.shell:Creating package script '/ros2_ws/install/led_matrix_msgs/share/led_matrix_msgs/package.sh'
[4.326s] INFO:colcon.colcon_core.shell:Creating package script '/ros2_ws/install/led_matrix_msgs/share/led_matrix_msgs/package.bash'
[4.326s] INFO:colcon.colcon_core.shell:Creating package script '/ros2_ws/install/led_matrix_msgs/share/led_matrix_msgs/package.zsh'
[4.327s] Level 1:colcon.colcon_core.environment:create_file_with_runtime_dependencies(/ros2_ws/install/led_matrix_msgs/share/colcon-core/packages/led_matrix_msgs)
[4.327s] DEBUG:colcon.colcon_parallel_executor.executor.parallel:closing loop
[4.327s] DEBUG:colcon.colcon_parallel_executor.executor.parallel:loop closed
[4.328s] DEBUG:colcon.colcon_parallel_executor.executor.parallel:run_until_complete finished with '0'
[4.328s] DEBUG:colcon.colcon_core.event_reactor:joining thread
[4.334s] INFO:colcon.colcon_core.plugin_system:Skipping extension 'colcon_notification.desktop_notification.notify_send': Could not find 'notify-send'
[4.334s] INFO:colcon.colcon_core.plugin_system:Skipping extension 'colcon_notification.desktop_notification.terminal_notifier': Not used on non-Darwin systems
[4.334s] INFO:colcon.colcon_core.plugin_system:Skipping extension 'colcon_notification.desktop_notification.win32': Not used on non-Windows systems
[4.334s] INFO:colcon.colcon_notification.desktop_notification:Sending desktop notification using 'notify2'
[4.334s] DEBUG:colcon.colcon_notification.desktop_notification.notify2:Failed to initialize notify2: org.freedesktop.DBus.Error.NotSupported: Unable to autolaunch a dbus-daemon without a $DISPLAY for X11
[4.334s] DEBUG:colcon.colcon_core.event_reactor:joined thread
[4.335s] INFO:colcon.colcon_core.shell:Creating prefix script '/ros2_ws/install/local_setup.ps1'
[4.336s] INFO:colcon.colcon_core.shell:Creating prefix util module '/ros2_ws/install/_local_setup_util_ps1.py'
[4.337s] INFO:colcon.colcon_core.shell:Creating prefix chain script '/ros2_ws/install/setup.ps1'
[4.339s] INFO:colcon.colcon_core.shell:Creating prefix script '/ros2_ws/install/local_setup.sh'
[4.340s] INFO:colcon.colcon_core.shell:Creating prefix util module '/ros2_ws/install/_local_setup_util_sh.py'
[4.340s] INFO:colcon.colcon_core.shell:Creating prefix chain script '/ros2_ws/install/setup.sh'
[4.342s] INFO:colcon.colcon_core.shell:Creating prefix script '/ros2_ws/install/local_setup.bash'
[4.342s] INFO:colcon.colcon_core.shell:Creating prefix chain script '/ros2_ws/install/setup.bash'
[4.344s] INFO:colcon.colcon_core.shell:Creating prefix script '/ros2_ws/install/local_setup.zsh'
[4.344s] INFO:colcon.colcon_core.shell:Creating prefix chain script '/ros2_ws/install/setup.zsh'
