[35m[1mConsolidate compiler generated dependencies of target led_matrix_pub[0m
[ 50%] [32mBuilding CXX object CMakeFiles/led_matrix_pub.dir/src/led_matrix_pub.cpp.o[0m
[100%] [32m[1mLinking CXX executable led_matrix_pub[0m
[100%] Built target led_matrix_pub
-- Install configuration: ""
-- Installing: /ros2_ws/install/led_matrix_pub/lib/led_matrix_pub/led_matrix_pub
-- Set runtime path of "/ros2_ws/install/led_matrix_pub/lib/led_matrix_pub/led_matrix_pub" to ""
-- Up-to-date: /ros2_ws/install/led_matrix_pub/share/ament_index/resource_index/package_run_dependencies/led_matrix_pub
-- Up-to-date: /ros2_ws/install/led_matrix_pub/share/ament_index/resource_index/parent_prefix_path/led_matrix_pub
-- Up-to-date: /ros2_ws/install/led_matrix_pub/share/led_matrix_pub/environment/ament_prefix_path.sh
-- Up-to-date: /ros2_ws/install/led_matrix_pub/share/led_matrix_pub/environment/ament_prefix_path.dsv
-- Up-to-date: /ros2_ws/install/led_matrix_pub/share/led_matrix_pub/environment/path.sh
-- Up-to-date: /ros2_ws/install/led_matrix_pub/share/led_matrix_pub/environment/path.dsv
-- Up-to-date: /ros2_ws/install/led_matrix_pub/share/led_matrix_pub/local_setup.bash
-- Up-to-date: /ros2_ws/install/led_matrix_pub/share/led_matrix_pub/local_setup.sh
-- Up-to-date: /ros2_ws/install/led_matrix_pub/share/led_matrix_pub/local_setup.zsh
-- Up-to-date: /ros2_ws/install/led_matrix_pub/share/led_matrix_pub/local_setup.dsv
-- Installing: /ros2_ws/install/led_matrix_pub/share/led_matrix_pub/package.dsv
-- Up-to-date: /ros2_ws/install/led_matrix_pub/share/ament_index/resource_index/packages/led_matrix_pub
-- Up-to-date: /ros2_ws/install/led_matrix_pub/share/led_matrix_pub/cmake/led_matrix_pubConfig.cmake
-- Up-to-date: /ros2_ws/install/led_matrix_pub/share/led_matrix_pub/cmake/led_matrix_pubConfig-version.cmake
-- Up-to-date: /ros2_ws/install/led_matrix_pub/share/led_matrix_pub/package.xml
