[0.023s] Invoking command in '/ros2_ws/build/led_matrix_pub': CMAKE_PREFIX_PATH=/ros2_ws/install/led_matrix_msgs:/ros2_ws/install/led_matrix_pub:/opt/ros/humble /usr/bin/cmake --build /ros2_ws/build/led_matrix_pub -- -j8 -l8
[0.102s] [35m[1mConsolidate compiler generated dependencies of target led_matrix_pub[0m
[0.202s] [ 50%] [32mBuilding CXX object CMakeFiles/led_matrix_pub.dir/src/led_matrix_pub.cpp.o[0m
[3.601s] [100%] [32m[1mLinking CXX executable led_matrix_pub[0m
[3.804s] [100%] Built target led_matrix_pub
[3.820s] Invoked command in '/ros2_ws/build/led_matrix_pub' returned '0': CMAKE_PREFIX_PATH=/ros2_ws/install/led_matrix_msgs:/ros2_ws/install/led_matrix_pub:/opt/ros/humble /usr/bin/cmake --build /ros2_ws/build/led_matrix_pub -- -j8 -l8
[3.834s] Invoking command in '/ros2_ws/build/led_matrix_pub': CMAKE_PREFIX_PATH=/ros2_ws/install/led_matrix_msgs:/ros2_ws/install/led_matrix_pub:/opt/ros/humble /usr/bin/cmake --install /ros2_ws/build/led_matrix_pub
[3.845s] -- Install configuration: ""
[3.845s] -- Installing: /ros2_ws/install/led_matrix_pub/lib/led_matrix_pub/led_matrix_pub
[3.857s] -- Set runtime path of "/ros2_ws/install/led_matrix_pub/lib/led_matrix_pub/led_matrix_pub" to ""
[3.858s] -- Up-to-date: /ros2_ws/install/led_matrix_pub/share/ament_index/resource_index/package_run_dependencies/led_matrix_pub
[3.858s] -- Up-to-date: /ros2_ws/install/led_matrix_pub/share/ament_index/resource_index/parent_prefix_path/led_matrix_pub
[3.859s] -- Up-to-date: /ros2_ws/install/led_matrix_pub/share/led_matrix_pub/environment/ament_prefix_path.sh
[3.859s] -- Up-to-date: /ros2_ws/install/led_matrix_pub/share/led_matrix_pub/environment/ament_prefix_path.dsv
[3.860s] -- Up-to-date: /ros2_ws/install/led_matrix_pub/share/led_matrix_pub/environment/path.sh
[3.860s] -- Up-to-date: /ros2_ws/install/led_matrix_pub/share/led_matrix_pub/environment/path.dsv
[3.860s] -- Up-to-date: /ros2_ws/install/led_matrix_pub/share/led_matrix_pub/local_setup.bash
[3.861s] -- Up-to-date: /ros2_ws/install/led_matrix_pub/share/led_matrix_pub/local_setup.sh
[3.861s] -- Up-to-date: /ros2_ws/install/led_matrix_pub/share/led_matrix_pub/local_setup.zsh
[3.862s] -- Up-to-date: /ros2_ws/install/led_matrix_pub/share/led_matrix_pub/local_setup.dsv
[3.862s] -- Installing: /ros2_ws/install/led_matrix_pub/share/led_matrix_pub/package.dsv
[3.864s] -- Up-to-date: /ros2_ws/install/led_matrix_pub/share/ament_index/resource_index/packages/led_matrix_pub
[3.864s] -- Up-to-date: /ros2_ws/install/led_matrix_pub/share/led_matrix_pub/cmake/led_matrix_pubConfig.cmake
[3.865s] -- Up-to-date: /ros2_ws/install/led_matrix_pub/share/led_matrix_pub/cmake/led_matrix_pubConfig-version.cmake
[3.865s] -- Up-to-date: /ros2_ws/install/led_matrix_pub/share/led_matrix_pub/package.xml
[3.868s] Invoked command in '/ros2_ws/build/led_matrix_pub' returned '0': CMAKE_PREFIX_PATH=/ros2_ws/install/led_matrix_msgs:/ros2_ws/install/led_matrix_pub:/opt/ros/humble /usr/bin/cmake --install /ros2_ws/build/led_matrix_pub
