-- Found ament_cmake: 1.3.11 (/opt/ros/humble/share/ament_cmake/cmake)
-- Found rosidl_default_generators: 1.2.0 (/opt/ros/humble/share/rosidl_default_generators/cmake)
-- Using all available rosidl_typesupport_c: rosidl_typesupport_fastrtps_c;rosidl_typesupport_introspection_c
-- Found rosidl_adapter: 3.1.6 (/opt/ros/humble/share/rosidl_adapter/cmake)
-- Using all available rosidl_typesupport_cpp: rosidl_typesupport_fastrtps_cpp;rosidl_typesupport_introspection_cpp
-- Found ament_cmake_ros: 0.10.0 (/opt/ros/humble/share/ament_cmake_ros/cmake)
-- Using all available rosidl_typesupport_c: rosidl_typesupport_fastrtps_c;rosidl_typesupport_introspection_c
-- Using all available rosidl_typesupport_cpp: rosidl_typesupport_fastrtps_cpp;rosidl_typesupport_introspection_cpp
-- Found PythonInterp: /usr/bin/python3 (found suitable version "3.10.12", minimum required is "3.6") 
-- Found python_cmake_module: 0.10.0 (/opt/ros/humble/share/python_cmake_module/cmake)
-- Found PythonLibs: /usr/lib/aarch64-linux-gnu/libpython3.10.so (found suitable version "3.10.12", minimum required is "3.5") 
-- Using PYTHON_EXECUTABLE: /usr/bin/python3
-- Using PYTHON_INCLUDE_DIRS: /usr/include/python3.10
-- Using PYTHON_LIBRARIES: /usr/lib/aarch64-linux-gnu/libpython3.10.so
-- Found PythonExtra: .so  
-- Found ament_lint_auto: 0.12.12 (/opt/ros/humble/share/ament_lint_auto/cmake)
-- Added test 'lint_cmake' to check CMake code style
-- Added test 'xmllint' to check XML markup files
-- Configuring done
-- Generating done
-- Build files have been written to: /ros2_ws/build/led_matrix_msgs
[  3%] [34m[1mGenerating C code for ROS interfaces[0m
[  6%] [34m[1mGenerating C++ code for ROS interfaces[0m
[  6%] Built target ament_cmake_python_copy_led_matrix_msgs
running egg_info
creating led_matrix_msgs.egg-info
writing led_matrix_msgs.egg-info/PKG-INFO
writing dependency_links to led_matrix_msgs.egg-info/dependency_links.txt
writing top-level names to led_matrix_msgs.egg-info/top_level.txt
writing manifest file 'led_matrix_msgs.egg-info/SOURCES.txt'
reading manifest file 'led_matrix_msgs.egg-info/SOURCES.txt'
writing manifest file 'led_matrix_msgs.egg-info/SOURCES.txt'
[  6%] Built target ament_cmake_python_build_led_matrix_msgs_egg
[  6%] Built target led_matrix_msgs__cpp
[ 12%] [34m[1mGenerating C++ type support dispatch for ROS interfaces[0m
[ 12%] [34m[1mGenerating C++ type support for eProsima Fast-RTPS[0m
[ 16%] [34m[1mGenerating C++ introspection for ROS interfaces[0m
[ 19%] [32mBuilding C object CMakeFiles/led_matrix_msgs__rosidl_generator_c.dir/rosidl_generator_c/led_matrix_msgs/msg/detail/led_matrix__functions.c.o[0m
[ 22%] [32m[1mLinking C shared library libled_matrix_msgs__rosidl_generator_c.so[0m
[ 22%] Built target led_matrix_msgs__rosidl_generator_c
[ 29%] [34m[1mGenerating C introspection for ROS interfaces[0m
[ 29%] [34m[1mGenerating C type support for eProsima Fast-RTPS[0m
[ 32%] [34m[1mGenerating C type support dispatch for ROS interfaces[0m
[ 35%] [32mBuilding CXX object CMakeFiles/led_matrix_msgs__rosidl_typesupport_cpp.dir/rosidl_typesupport_cpp/led_matrix_msgs/msg/led_matrix__type_support.cpp.o[0m
[ 38%] [32mBuilding CXX object CMakeFiles/led_matrix_msgs__rosidl_typesupport_introspection_cpp.dir/rosidl_typesupport_introspection_cpp/led_matrix_msgs/msg/detail/led_matrix__type_support.cpp.o[0m
[ 41%] [32mBuilding CXX object CMakeFiles/led_matrix_msgs__rosidl_typesupport_fastrtps_cpp.dir/rosidl_typesupport_fastrtps_cpp/led_matrix_msgs/msg/detail/dds_fastrtps/led_matrix__type_support.cpp.o[0m
[ 45%] [32mBuilding CXX object CMakeFiles/led_matrix_msgs__rosidl_typesupport_c.dir/rosidl_typesupport_c/led_matrix_msgs/msg/led_matrix__type_support.cpp.o[0m
[ 48%] [32mBuilding CXX object CMakeFiles/led_matrix_msgs__rosidl_typesupport_fastrtps_c.dir/rosidl_typesupport_fastrtps_c/led_matrix_msgs/msg/detail/led_matrix__type_support_c.cpp.o[0m
[ 51%] [32mBuilding C object CMakeFiles/led_matrix_msgs__rosidl_typesupport_introspection_c.dir/rosidl_typesupport_introspection_c/led_matrix_msgs/msg/detail/led_matrix__type_support.c.o[0m
[ 54%] [32m[1mLinking CXX shared library libled_matrix_msgs__rosidl_typesupport_c.so[0m
[ 58%] [32m[1mLinking C shared library libled_matrix_msgs__rosidl_typesupport_introspection_c.so[0m
[ 58%] Built target led_matrix_msgs__rosidl_typesupport_c
[ 58%] Built target led_matrix_msgs__rosidl_typesupport_introspection_c
[ 61%] [32m[1mLinking CXX shared library libled_matrix_msgs__rosidl_typesupport_cpp.so[0m
[ 61%] Built target led_matrix_msgs__rosidl_typesupport_cpp
[ 64%] [32m[1mLinking CXX shared library libled_matrix_msgs__rosidl_typesupport_fastrtps_cpp.so[0m
[ 67%] [32m[1mLinking CXX shared library libled_matrix_msgs__rosidl_typesupport_introspection_cpp.so[0m
[ 67%] Built target led_matrix_msgs__rosidl_typesupport_introspection_cpp
[ 67%] Built target led_matrix_msgs__rosidl_typesupport_fastrtps_cpp
[ 70%] [32m[1mLinking CXX shared library libled_matrix_msgs__rosidl_typesupport_fastrtps_c.so[0m
[ 70%] Built target led_matrix_msgs__rosidl_typesupport_fastrtps_c
[ 70%] Built target led_matrix_msgs
[ 74%] [34m[1mGenerating Python code for ROS interfaces[0m
[ 74%] Built target led_matrix_msgs__py
[ 77%] [32mBuilding C object CMakeFiles/led_matrix_msgs__rosidl_generator_py.dir/rosidl_generator_py/led_matrix_msgs/msg/_led_matrix_s.c.o[0m
[ 80%] [32m[1mLinking C shared library rosidl_generator_py/led_matrix_msgs/libled_matrix_msgs__rosidl_generator_py.so[0m
[ 80%] Built target led_matrix_msgs__rosidl_generator_py
[ 90%] [32mBuilding C object CMakeFiles/led_matrix_msgs__rosidl_typesupport_c__pyext.dir/rosidl_generator_py/led_matrix_msgs/_led_matrix_msgs_s.ep.rosidl_typesupport_c.c.o[0m
[ 90%] [32mBuilding C object CMakeFiles/led_matrix_msgs__rosidl_typesupport_introspection_c__pyext.dir/rosidl_generator_py/led_matrix_msgs/_led_matrix_msgs_s.ep.rosidl_typesupport_introspection_c.c.o[0m
[ 90%] [32mBuilding C object CMakeFiles/led_matrix_msgs__rosidl_typesupport_fastrtps_c__pyext.dir/rosidl_generator_py/led_matrix_msgs/_led_matrix_msgs_s.ep.rosidl_typesupport_fastrtps_c.c.o[0m
[ 93%] [32m[1mLinking C shared library rosidl_generator_py/led_matrix_msgs/led_matrix_msgs_s__rosidl_typesupport_c.cpython-310-aarch64-linux-gnu.so[0m
[ 96%] [32m[1mLinking C shared library rosidl_generator_py/led_matrix_msgs/led_matrix_msgs_s__rosidl_typesupport_introspection_c.cpython-310-aarch64-linux-gnu.so[0m
[100%] [32m[1mLinking C shared library rosidl_generator_py/led_matrix_msgs/led_matrix_msgs_s__rosidl_typesupport_fastrtps_c.cpython-310-aarch64-linux-gnu.so[0m
[100%] Built target led_matrix_msgs__rosidl_typesupport_c__pyext
[100%] Built target led_matrix_msgs__rosidl_typesupport_introspection_c__pyext
[100%] Built target led_matrix_msgs__rosidl_typesupport_fastrtps_c__pyext
-- Install configuration: ""
-- Installing: /ros2_ws/install/led_matrix_msgs/share/ament_index/resource_index/rosidl_interfaces/led_matrix_msgs
-- Installing: /ros2_ws/install/led_matrix_msgs/include/led_matrix_msgs/led_matrix_msgs
-- Installing: /ros2_ws/install/led_matrix_msgs/include/led_matrix_msgs/led_matrix_msgs/msg
-- Installing: /ros2_ws/install/led_matrix_msgs/include/led_matrix_msgs/led_matrix_msgs/msg/rosidl_generator_c__visibility_control.h
-- Installing: /ros2_ws/install/led_matrix_msgs/include/led_matrix_msgs/led_matrix_msgs/msg/led_matrix.h
-- Installing: /ros2_ws/install/led_matrix_msgs/include/led_matrix_msgs/led_matrix_msgs/msg/detail
-- Installing: /ros2_ws/install/led_matrix_msgs/include/led_matrix_msgs/led_matrix_msgs/msg/detail/led_matrix__struct.h
-- Installing: /ros2_ws/install/led_matrix_msgs/include/led_matrix_msgs/led_matrix_msgs/msg/detail/led_matrix__functions.h
-- Installing: /ros2_ws/install/led_matrix_msgs/include/led_matrix_msgs/led_matrix_msgs/msg/detail/led_matrix__functions.c
-- Installing: /ros2_ws/install/led_matrix_msgs/include/led_matrix_msgs/led_matrix_msgs/msg/detail/led_matrix__type_support.h
-- Installing: /ros2_ws/install/led_matrix_msgs/share/led_matrix_msgs/environment/library_path.sh
-- Installing: /ros2_ws/install/led_matrix_msgs/share/led_matrix_msgs/environment/library_path.dsv
-- Installing: /ros2_ws/install/led_matrix_msgs/lib/libled_matrix_msgs__rosidl_generator_c.so
-- Set runtime path of "/ros2_ws/install/led_matrix_msgs/lib/libled_matrix_msgs__rosidl_generator_c.so" to ""
-- Up-to-date: /ros2_ws/install/led_matrix_msgs/include/led_matrix_msgs/led_matrix_msgs
-- Up-to-date: /ros2_ws/install/led_matrix_msgs/include/led_matrix_msgs/led_matrix_msgs/msg
-- Up-to-date: /ros2_ws/install/led_matrix_msgs/include/led_matrix_msgs/led_matrix_msgs/msg/detail
-- Installing: /ros2_ws/install/led_matrix_msgs/include/led_matrix_msgs/led_matrix_msgs/msg/detail/led_matrix__rosidl_typesupport_fastrtps_c.h
-- Installing: /ros2_ws/install/led_matrix_msgs/include/led_matrix_msgs/led_matrix_msgs/msg/rosidl_typesupport_fastrtps_c__visibility_control.h
-- Installing: /ros2_ws/install/led_matrix_msgs/lib/libled_matrix_msgs__rosidl_typesupport_fastrtps_c.so
-- Set runtime path of "/ros2_ws/install/led_matrix_msgs/lib/libled_matrix_msgs__rosidl_typesupport_fastrtps_c.so" to ""
-- Up-to-date: /ros2_ws/install/led_matrix_msgs/include/led_matrix_msgs/led_matrix_msgs
-- Up-to-date: /ros2_ws/install/led_matrix_msgs/include/led_matrix_msgs/led_matrix_msgs/msg
-- Up-to-date: /ros2_ws/install/led_matrix_msgs/include/led_matrix_msgs/led_matrix_msgs/msg/detail
-- Installing: /ros2_ws/install/led_matrix_msgs/include/led_matrix_msgs/led_matrix_msgs/msg/detail/led_matrix__type_support.c
-- Installing: /ros2_ws/install/led_matrix_msgs/include/led_matrix_msgs/led_matrix_msgs/msg/detail/led_matrix__rosidl_typesupport_introspection_c.h
-- Installing: /ros2_ws/install/led_matrix_msgs/include/led_matrix_msgs/led_matrix_msgs/msg/rosidl_typesupport_introspection_c__visibility_control.h
-- Installing: /ros2_ws/install/led_matrix_msgs/lib/libled_matrix_msgs__rosidl_typesupport_introspection_c.so
-- Set runtime path of "/ros2_ws/install/led_matrix_msgs/lib/libled_matrix_msgs__rosidl_typesupport_introspection_c.so" to ""
-- Installing: /ros2_ws/install/led_matrix_msgs/lib/libled_matrix_msgs__rosidl_typesupport_c.so
-- Set runtime path of "/ros2_ws/install/led_matrix_msgs/lib/libled_matrix_msgs__rosidl_typesupport_c.so" to ""
-- Up-to-date: /ros2_ws/install/led_matrix_msgs/include/led_matrix_msgs/led_matrix_msgs
-- Up-to-date: /ros2_ws/install/led_matrix_msgs/include/led_matrix_msgs/led_matrix_msgs/msg
-- Installing: /ros2_ws/install/led_matrix_msgs/include/led_matrix_msgs/led_matrix_msgs/msg/led_matrix.hpp
-- Up-to-date: /ros2_ws/install/led_matrix_msgs/include/led_matrix_msgs/led_matrix_msgs/msg/detail
-- Installing: /ros2_ws/install/led_matrix_msgs/include/led_matrix_msgs/led_matrix_msgs/msg/detail/led_matrix__traits.hpp
-- Installing: /ros2_ws/install/led_matrix_msgs/include/led_matrix_msgs/led_matrix_msgs/msg/detail/led_matrix__type_support.hpp
-- Installing: /ros2_ws/install/led_matrix_msgs/include/led_matrix_msgs/led_matrix_msgs/msg/detail/led_matrix__struct.hpp
-- Installing: /ros2_ws/install/led_matrix_msgs/include/led_matrix_msgs/led_matrix_msgs/msg/detail/led_matrix__builder.hpp
-- Installing: /ros2_ws/install/led_matrix_msgs/include/led_matrix_msgs/led_matrix_msgs/msg/rosidl_generator_cpp__visibility_control.hpp
-- Up-to-date: /ros2_ws/install/led_matrix_msgs/include/led_matrix_msgs/led_matrix_msgs
-- Up-to-date: /ros2_ws/install/led_matrix_msgs/include/led_matrix_msgs/led_matrix_msgs/msg
-- Installing: /ros2_ws/install/led_matrix_msgs/include/led_matrix_msgs/led_matrix_msgs/msg/rosidl_typesupport_fastrtps_cpp__visibility_control.h
-- Up-to-date: /ros2_ws/install/led_matrix_msgs/include/led_matrix_msgs/led_matrix_msgs/msg/detail
-- Installing: /ros2_ws/install/led_matrix_msgs/include/led_matrix_msgs/led_matrix_msgs/msg/detail/led_matrix__rosidl_typesupport_fastrtps_cpp.hpp
-- Installing: /ros2_ws/install/led_matrix_msgs/include/led_matrix_msgs/led_matrix_msgs/msg/detail/dds_fastrtps
-- Installing: /ros2_ws/install/led_matrix_msgs/lib/libled_matrix_msgs__rosidl_typesupport_fastrtps_cpp.so
-- Set runtime path of "/ros2_ws/install/led_matrix_msgs/lib/libled_matrix_msgs__rosidl_typesupport_fastrtps_cpp.so" to ""
-- Up-to-date: /ros2_ws/install/led_matrix_msgs/include/led_matrix_msgs/led_matrix_msgs
-- Up-to-date: /ros2_ws/install/led_matrix_msgs/include/led_matrix_msgs/led_matrix_msgs/msg
-- Up-to-date: /ros2_ws/install/led_matrix_msgs/include/led_matrix_msgs/led_matrix_msgs/msg/detail
-- Installing: /ros2_ws/install/led_matrix_msgs/include/led_matrix_msgs/led_matrix_msgs/msg/detail/led_matrix__type_support.cpp
-- Installing: /ros2_ws/install/led_matrix_msgs/include/led_matrix_msgs/led_matrix_msgs/msg/detail/led_matrix__rosidl_typesupport_introspection_cpp.hpp
-- Installing: /ros2_ws/install/led_matrix_msgs/lib/libled_matrix_msgs__rosidl_typesupport_introspection_cpp.so
-- Set runtime path of "/ros2_ws/install/led_matrix_msgs/lib/libled_matrix_msgs__rosidl_typesupport_introspection_cpp.so" to ""
-- Installing: /ros2_ws/install/led_matrix_msgs/lib/libled_matrix_msgs__rosidl_typesupport_cpp.so
-- Set runtime path of "/ros2_ws/install/led_matrix_msgs/lib/libled_matrix_msgs__rosidl_typesupport_cpp.so" to ""
-- Installing: /ros2_ws/install/led_matrix_msgs/share/led_matrix_msgs/environment/pythonpath.sh
-- Installing: /ros2_ws/install/led_matrix_msgs/share/led_matrix_msgs/environment/pythonpath.dsv
-- Installing: /ros2_ws/install/led_matrix_msgs/local/lib/python3.10/dist-packages/led_matrix_msgs-0.0.0-py3.10.egg-info
-- Installing: /ros2_ws/install/led_matrix_msgs/local/lib/python3.10/dist-packages/led_matrix_msgs-0.0.0-py3.10.egg-info/PKG-INFO
-- Installing: /ros2_ws/install/led_matrix_msgs/local/lib/python3.10/dist-packages/led_matrix_msgs-0.0.0-py3.10.egg-info/SOURCES.txt
-- Installing: /ros2_ws/install/led_matrix_msgs/local/lib/python3.10/dist-packages/led_matrix_msgs-0.0.0-py3.10.egg-info/top_level.txt
-- Installing: /ros2_ws/install/led_matrix_msgs/local/lib/python3.10/dist-packages/led_matrix_msgs-0.0.0-py3.10.egg-info/dependency_links.txt
-- Installing: /ros2_ws/install/led_matrix_msgs/local/lib/python3.10/dist-packages/led_matrix_msgs
-- Installing: /ros2_ws/install/led_matrix_msgs/local/lib/python3.10/dist-packages/led_matrix_msgs/_led_matrix_msgs_s.ep.rosidl_typesupport_introspection_c.c
-- Installing: /ros2_ws/install/led_matrix_msgs/local/lib/python3.10/dist-packages/led_matrix_msgs/led_matrix_msgs_s__rosidl_typesupport_c.cpython-310-aarch64-linux-gnu.so
-- Installing: /ros2_ws/install/led_matrix_msgs/local/lib/python3.10/dist-packages/led_matrix_msgs/_led_matrix_msgs_s.ep.rosidl_typesupport_fastrtps_c.c
-- Installing: /ros2_ws/install/led_matrix_msgs/local/lib/python3.10/dist-packages/led_matrix_msgs/msg
-- Installing: /ros2_ws/install/led_matrix_msgs/local/lib/python3.10/dist-packages/led_matrix_msgs/msg/_led_matrix_s.c
-- Installing: /ros2_ws/install/led_matrix_msgs/local/lib/python3.10/dist-packages/led_matrix_msgs/msg/__init__.py
-- Installing: /ros2_ws/install/led_matrix_msgs/local/lib/python3.10/dist-packages/led_matrix_msgs/msg/_led_matrix.py
-- Installing: /ros2_ws/install/led_matrix_msgs/local/lib/python3.10/dist-packages/led_matrix_msgs/libled_matrix_msgs__rosidl_generator_py.so
-- Installing: /ros2_ws/install/led_matrix_msgs/local/lib/python3.10/dist-packages/led_matrix_msgs/_led_matrix_msgs_s.ep.rosidl_typesupport_c.c
-- Installing: /ros2_ws/install/led_matrix_msgs/local/lib/python3.10/dist-packages/led_matrix_msgs/led_matrix_msgs_s__rosidl_typesupport_introspection_c.cpython-310-aarch64-linux-gnu.so
-- Installing: /ros2_ws/install/led_matrix_msgs/local/lib/python3.10/dist-packages/led_matrix_msgs/__init__.py
-- Installing: /ros2_ws/install/led_matrix_msgs/local/lib/python3.10/dist-packages/led_matrix_msgs/led_matrix_msgs_s__rosidl_typesupport_fastrtps_c.cpython-310-aarch64-linux-gnu.so
Listing '/ros2_ws/install/led_matrix_msgs/local/lib/python3.10/dist-packages/led_matrix_msgs'...
Compiling '/ros2_ws/install/led_matrix_msgs/local/lib/python3.10/dist-packages/led_matrix_msgs/__init__.py'...
Listing '/ros2_ws/install/led_matrix_msgs/local/lib/python3.10/dist-packages/led_matrix_msgs/msg'...
Compiling '/ros2_ws/install/led_matrix_msgs/local/lib/python3.10/dist-packages/led_matrix_msgs/msg/__init__.py'...
Compiling '/ros2_ws/install/led_matrix_msgs/local/lib/python3.10/dist-packages/led_matrix_msgs/msg/_led_matrix.py'...
-- Installing: /ros2_ws/install/led_matrix_msgs/local/lib/python3.10/dist-packages/led_matrix_msgs/led_matrix_msgs_s__rosidl_typesupport_fastrtps_c.cpython-310-aarch64-linux-gnu.so
-- Set runtime path of "/ros2_ws/install/led_matrix_msgs/local/lib/python3.10/dist-packages/led_matrix_msgs/led_matrix_msgs_s__rosidl_typesupport_fastrtps_c.cpython-310-aarch64-linux-gnu.so" to ""
-- Installing: /ros2_ws/install/led_matrix_msgs/local/lib/python3.10/dist-packages/led_matrix_msgs/led_matrix_msgs_s__rosidl_typesupport_introspection_c.cpython-310-aarch64-linux-gnu.so
-- Set runtime path of "/ros2_ws/install/led_matrix_msgs/local/lib/python3.10/dist-packages/led_matrix_msgs/led_matrix_msgs_s__rosidl_typesupport_introspection_c.cpython-310-aarch64-linux-gnu.so" to ""
-- Installing: /ros2_ws/install/led_matrix_msgs/local/lib/python3.10/dist-packages/led_matrix_msgs/led_matrix_msgs_s__rosidl_typesupport_c.cpython-310-aarch64-linux-gnu.so
-- Set runtime path of "/ros2_ws/install/led_matrix_msgs/local/lib/python3.10/dist-packages/led_matrix_msgs/led_matrix_msgs_s__rosidl_typesupport_c.cpython-310-aarch64-linux-gnu.so" to ""
-- Installing: /ros2_ws/install/led_matrix_msgs/lib/libled_matrix_msgs__rosidl_generator_py.so
-- Set runtime path of "/ros2_ws/install/led_matrix_msgs/lib/libled_matrix_msgs__rosidl_generator_py.so" to ""
-- Installing: /ros2_ws/install/led_matrix_msgs/share/led_matrix_msgs/msg/LedMatrix.idl
-- Installing: /ros2_ws/install/led_matrix_msgs/share/led_matrix_msgs/msg/LedMatrix.msg
-- Installing: /ros2_ws/install/led_matrix_msgs/share/ament_index/resource_index/package_run_dependencies/led_matrix_msgs
-- Installing: /ros2_ws/install/led_matrix_msgs/share/ament_index/resource_index/parent_prefix_path/led_matrix_msgs
-- Up-to-date: /ros2_ws/install/led_matrix_msgs/share/led_matrix_msgs/environment/ament_prefix_path.sh
-- Installing: /ros2_ws/install/led_matrix_msgs/share/led_matrix_msgs/environment/ament_prefix_path.dsv
-- Up-to-date: /ros2_ws/install/led_matrix_msgs/share/led_matrix_msgs/environment/path.sh
-- Installing: /ros2_ws/install/led_matrix_msgs/share/led_matrix_msgs/environment/path.dsv
-- Up-to-date: /ros2_ws/install/led_matrix_msgs/share/led_matrix_msgs/local_setup.bash
-- Installing: /ros2_ws/install/led_matrix_msgs/share/led_matrix_msgs/local_setup.sh
-- Up-to-date: /ros2_ws/install/led_matrix_msgs/share/led_matrix_msgs/local_setup.zsh
-- Installing: /ros2_ws/install/led_matrix_msgs/share/led_matrix_msgs/local_setup.dsv
-- Installing: /ros2_ws/install/led_matrix_msgs/share/led_matrix_msgs/package.dsv
-- Up-to-date: /ros2_ws/install/led_matrix_msgs/share/ament_index/resource_index/packages/led_matrix_msgs
-- Installing: /ros2_ws/install/led_matrix_msgs/share/led_matrix_msgs/cmake/export_led_matrix_msgs__rosidl_generator_cExport.cmake
-- Installing: /ros2_ws/install/led_matrix_msgs/share/led_matrix_msgs/cmake/export_led_matrix_msgs__rosidl_generator_cExport-noconfig.cmake
-- Installing: /ros2_ws/install/led_matrix_msgs/share/led_matrix_msgs/cmake/export_led_matrix_msgs__rosidl_typesupport_fastrtps_cExport.cmake
-- Installing: /ros2_ws/install/led_matrix_msgs/share/led_matrix_msgs/cmake/export_led_matrix_msgs__rosidl_typesupport_fastrtps_cExport-noconfig.cmake
-- Installing: /ros2_ws/install/led_matrix_msgs/share/led_matrix_msgs/cmake/led_matrix_msgs__rosidl_typesupport_introspection_cExport.cmake
-- Installing: /ros2_ws/install/led_matrix_msgs/share/led_matrix_msgs/cmake/led_matrix_msgs__rosidl_typesupport_introspection_cExport-noconfig.cmake
-- Installing: /ros2_ws/install/led_matrix_msgs/share/led_matrix_msgs/cmake/led_matrix_msgs__rosidl_typesupport_cExport.cmake
-- Installing: /ros2_ws/install/led_matrix_msgs/share/led_matrix_msgs/cmake/led_matrix_msgs__rosidl_typesupport_cExport-noconfig.cmake
-- Installing: /ros2_ws/install/led_matrix_msgs/share/led_matrix_msgs/cmake/export_led_matrix_msgs__rosidl_generator_cppExport.cmake
-- Installing: /ros2_ws/install/led_matrix_msgs/share/led_matrix_msgs/cmake/export_led_matrix_msgs__rosidl_typesupport_fastrtps_cppExport.cmake
-- Installing: /ros2_ws/install/led_matrix_msgs/share/led_matrix_msgs/cmake/export_led_matrix_msgs__rosidl_typesupport_fastrtps_cppExport-noconfig.cmake
-- Installing: /ros2_ws/install/led_matrix_msgs/share/led_matrix_msgs/cmake/led_matrix_msgs__rosidl_typesupport_introspection_cppExport.cmake
-- Installing: /ros2_ws/install/led_matrix_msgs/share/led_matrix_msgs/cmake/led_matrix_msgs__rosidl_typesupport_introspection_cppExport-noconfig.cmake
-- Installing: /ros2_ws/install/led_matrix_msgs/share/led_matrix_msgs/cmake/led_matrix_msgs__rosidl_typesupport_cppExport.cmake
-- Installing: /ros2_ws/install/led_matrix_msgs/share/led_matrix_msgs/cmake/led_matrix_msgs__rosidl_typesupport_cppExport-noconfig.cmake
-- Installing: /ros2_ws/install/led_matrix_msgs/share/led_matrix_msgs/cmake/export_led_matrix_msgs__rosidl_generator_pyExport.cmake
-- Installing: /ros2_ws/install/led_matrix_msgs/share/led_matrix_msgs/cmake/export_led_matrix_msgs__rosidl_generator_pyExport-noconfig.cmake
-- Installing: /ros2_ws/install/led_matrix_msgs/share/led_matrix_msgs/cmake/rosidl_cmake-extras.cmake
-- Installing: /ros2_ws/install/led_matrix_msgs/share/led_matrix_msgs/cmake/ament_cmake_export_include_directories-extras.cmake
-- Installing: /ros2_ws/install/led_matrix_msgs/share/led_matrix_msgs/cmake/ament_cmake_export_libraries-extras.cmake
-- Installing: /ros2_ws/install/led_matrix_msgs/share/led_matrix_msgs/cmake/ament_cmake_export_targets-extras.cmake
-- Installing: /ros2_ws/install/led_matrix_msgs/share/led_matrix_msgs/cmake/rosidl_cmake_export_typesupport_targets-extras.cmake
-- Installing: /ros2_ws/install/led_matrix_msgs/share/led_matrix_msgs/cmake/ament_cmake_export_dependencies-extras.cmake
-- Installing: /ros2_ws/install/led_matrix_msgs/share/led_matrix_msgs/cmake/rosidl_cmake_export_typesupport_libraries-extras.cmake
-- Installing: /ros2_ws/install/led_matrix_msgs/share/led_matrix_msgs/cmake/led_matrix_msgsConfig.cmake
-- Up-to-date: /ros2_ws/install/led_matrix_msgs/share/led_matrix_msgs/cmake/led_matrix_msgsConfig-version.cmake
-- Installing: /ros2_ws/install/led_matrix_msgs/share/led_matrix_msgs/package.xml
