[0.110s] DEBUG:colcon:Command line arguments: ['/usr/bin/colcon', 'build', '--packages-select', 'led_matrix_pub']
[0.110s] DEBUG:colcon:Parsed command line arguments: Namespace(log_base=None, log_level=None, verb_name='build', build_base='build', install_base='install', merge_install=False, symlink_install=False, test_result_base=None, continue_on_error=False, executor='parallel', parallel_workers=8, event_handlers=None, ignore_user_meta=False, metas=['./colcon.meta'], base_paths=['.'], packages_ignore=None, packages_ignore_regex=None, paths=None, packages_up_to=None, packages_up_to_regex=None, packages_above=None, packages_above_and_dependencies=None, packages_above_depth=None, packages_select_by_dep=None, packages_skip_by_dep=None, packages_skip_up_to=None, packages_select_build_failed=False, packages_skip_build_finished=False, packages_select_test_failures=False, packages_skip_test_passed=False, packages_select=['led_matrix_pub'], packages_skip=None, packages_select_regex=None, packages_skip_regex=None, packages_start=None, packages_end=None, cmake_args=None, cmake_target=None, cmake_target_skip_unavailable=False, cmake_clean_cache=False, cmake_clean_first=False, cmake_force_configure=False, ament_cmake_args=None, catkin_cmake_args=None, catkin_skip_building_tests=False, mixin_files=None, mixin=None, verb_parser=<colcon_mixin.mixin.mixin_argument.MixinArgumentDecorator object at 0xffffb2005d80>, verb_extension=<colcon_core.verb.build.BuildVerb object at 0xffffb2005360>, main=<bound method BuildVerb.main of <colcon_core.verb.build.BuildVerb object at 0xffffb2005360>>, mixin_verb=('build',))
[0.212s] Level 1:colcon.colcon_core.package_discovery:discover_packages(colcon_meta) check parameters
[0.213s] INFO:colcon.colcon_metadata.package_discovery.colcon_meta:Using configuration from '/root/.colcon/metadata/default/Gazebo.meta'
[0.214s] INFO:colcon.colcon_metadata.package_discovery.colcon_meta:Using configuration from '/root/.colcon/metadata/default/fastdds.meta'
[0.214s] INFO:colcon.colcon_metadata.package_discovery.colcon_meta:Using configuration from '/root/.colcon/metadata/default/fastrtps.meta'
[0.215s] Level 1:colcon.colcon_core.package_discovery:discover_packages(recursive) check parameters
[0.215s] Level 1:colcon.colcon_core.package_discovery:discover_packages(ignore) check parameters
[0.215s] Level 1:colcon.colcon_core.package_discovery:discover_packages(path) check parameters
[0.215s] Level 1:colcon.colcon_core.package_discovery:discover_packages(colcon_meta) discover
[0.215s] Level 1:colcon.colcon_core.package_discovery:discover_packages(recursive) discover
[0.215s] INFO:colcon.colcon_core.package_discovery:Crawling recursively for packages in '/ros2_ws'
[0.215s] Level 1:colcon.colcon_core.package_identification:_identify(.) by extensions ['ignore', 'ignore_ament_install']
[0.215s] Level 1:colcon.colcon_core.package_identification:_identify(.) by extension 'ignore'
[0.216s] Level 1:colcon.colcon_core.package_identification:_identify(.) by extension 'ignore_ament_install'
[0.216s] Level 1:colcon.colcon_core.package_identification:_identify(.) by extensions ['colcon_pkg']
[0.216s] Level 1:colcon.colcon_core.package_identification:_identify(.) by extension 'colcon_pkg'
[0.216s] Level 1:colcon.colcon_core.package_identification:_identify(.) by extensions ['colcon_meta']
[0.216s] Level 1:colcon.colcon_core.package_identification:_identify(.) by extension 'colcon_meta'
[0.216s] Level 1:colcon.colcon_core.package_identification:_identify(.) by extensions ['ros']
[0.216s] Level 1:colcon.colcon_core.package_identification:_identify(.) by extension 'ros'
[0.230s] Level 1:colcon.colcon_core.package_identification:_identify(.) by extensions ['cmake', 'python']
[0.230s] Level 1:colcon.colcon_core.package_identification:_identify(.) by extension 'cmake'
[0.230s] Level 1:colcon.colcon_core.package_identification:_identify(.) by extension 'python'
[0.230s] Level 1:colcon.colcon_core.package_identification:_identify(.) by extensions ['python_setup_py']
[0.230s] Level 1:colcon.colcon_core.package_identification:_identify(.) by extension 'python_setup_py'
[0.231s] Level 1:colcon.colcon_core.package_identification:_identify(build) by extensions ['ignore', 'ignore_ament_install']
[0.231s] Level 1:colcon.colcon_core.package_identification:_identify(build) by extension 'ignore'
[0.231s] Level 1:colcon.colcon_core.package_identification:_identify(build) ignored
[0.232s] Level 1:colcon.colcon_core.package_identification:_identify(install) by extensions ['ignore', 'ignore_ament_install']
[0.232s] Level 1:colcon.colcon_core.package_identification:_identify(install) by extension 'ignore'
[0.232s] Level 1:colcon.colcon_core.package_identification:_identify(install) ignored
[0.233s] Level 1:colcon.colcon_core.package_identification:_identify(log) by extensions ['ignore', 'ignore_ament_install']
[0.233s] Level 1:colcon.colcon_core.package_identification:_identify(log) by extension 'ignore'
[0.233s] Level 1:colcon.colcon_core.package_identification:_identify(log) ignored
[0.233s] Level 1:colcon.colcon_core.package_identification:_identify(src) by extensions ['ignore', 'ignore_ament_install']
[0.233s] Level 1:colcon.colcon_core.package_identification:_identify(src) by extension 'ignore'
[0.234s] Level 1:colcon.colcon_core.package_identification:_identify(src) by extension 'ignore_ament_install'
[0.234s] Level 1:colcon.colcon_core.package_identification:_identify(src) by extensions ['colcon_pkg']
[0.234s] Level 1:colcon.colcon_core.package_identification:_identify(src) by extension 'colcon_pkg'
[0.234s] Level 1:colcon.colcon_core.package_identification:_identify(src) by extensions ['colcon_meta']
[0.234s] Level 1:colcon.colcon_core.package_identification:_identify(src) by extension 'colcon_meta'
[0.234s] Level 1:colcon.colcon_core.package_identification:_identify(src) by extensions ['ros']
[0.234s] Level 1:colcon.colcon_core.package_identification:_identify(src) by extension 'ros'
[0.235s] Level 1:colcon.colcon_core.package_identification:_identify(src) by extensions ['cmake', 'python']
[0.235s] Level 1:colcon.colcon_core.package_identification:_identify(src) by extension 'cmake'
[0.235s] Level 1:colcon.colcon_core.package_identification:_identify(src) by extension 'python'
[0.235s] Level 1:colcon.colcon_core.package_identification:_identify(src) by extensions ['python_setup_py']
[0.235s] Level 1:colcon.colcon_core.package_identification:_identify(src) by extension 'python_setup_py'
[0.237s] Level 1:colcon.colcon_core.package_identification:_identify(src/led_matrix_msgs) by extensions ['ignore', 'ignore_ament_install']
[0.237s] Level 1:colcon.colcon_core.package_identification:_identify(src/led_matrix_msgs) by extension 'ignore'
[0.237s] Level 1:colcon.colcon_core.package_identification:_identify(src/led_matrix_msgs) by extension 'ignore_ament_install'
[0.238s] Level 1:colcon.colcon_core.package_identification:_identify(src/led_matrix_msgs) by extensions ['colcon_pkg']
[0.238s] Level 1:colcon.colcon_core.package_identification:_identify(src/led_matrix_msgs) by extension 'colcon_pkg'
[0.238s] Level 1:colcon.colcon_core.package_identification:_identify(src/led_matrix_msgs) by extensions ['colcon_meta']
[0.238s] Level 1:colcon.colcon_core.package_identification:_identify(src/led_matrix_msgs) by extension 'colcon_meta'
[0.238s] Level 1:colcon.colcon_core.package_identification:_identify(src/led_matrix_msgs) by extensions ['ros']
[0.238s] Level 1:colcon.colcon_core.package_identification:_identify(src/led_matrix_msgs) by extension 'ros'
[0.241s] DEBUG:colcon.colcon_core.package_identification:Package 'src/led_matrix_msgs' with type 'ros.ament_cmake' and name 'led_matrix_msgs'
[0.241s] Level 1:colcon.colcon_core.package_identification:_identify(src/led_matrix_pub) by extensions ['ignore', 'ignore_ament_install']
[0.241s] Level 1:colcon.colcon_core.package_identification:_identify(src/led_matrix_pub) by extension 'ignore'
[0.242s] Level 1:colcon.colcon_core.package_identification:_identify(src/led_matrix_pub) by extension 'ignore_ament_install'
[0.242s] Level 1:colcon.colcon_core.package_identification:_identify(src/led_matrix_pub) by extensions ['colcon_pkg']
[0.242s] Level 1:colcon.colcon_core.package_identification:_identify(src/led_matrix_pub) by extension 'colcon_pkg'
[0.242s] Level 1:colcon.colcon_core.package_identification:_identify(src/led_matrix_pub) by extensions ['colcon_meta']
[0.242s] Level 1:colcon.colcon_core.package_identification:_identify(src/led_matrix_pub) by extension 'colcon_meta'
[0.242s] Level 1:colcon.colcon_core.package_identification:_identify(src/led_matrix_pub) by extensions ['ros']
[0.242s] Level 1:colcon.colcon_core.package_identification:_identify(src/led_matrix_pub) by extension 'ros'
[0.243s] DEBUG:colcon.colcon_core.package_identification:Package 'src/led_matrix_pub' with type 'ros.ament_cmake' and name 'led_matrix_pub'
[0.244s] Level 1:colcon.colcon_core.package_discovery:discover_packages(recursive) using defaults
[0.244s] Level 1:colcon.colcon_core.package_discovery:discover_packages(ignore) discover
[0.244s] Level 1:colcon.colcon_core.package_discovery:discover_packages(ignore) using defaults
[0.244s] Level 1:colcon.colcon_core.package_discovery:discover_packages(path) discover
[0.244s] Level 1:colcon.colcon_core.package_discovery:discover_packages(path) using defaults
[0.267s] INFO:colcon.colcon_core.package_selection:Skipping not selected package 'led_matrix_msgs' in 'src/led_matrix_msgs'
[0.267s] Level 5:colcon.colcon_core.verb:set package 'led_matrix_pub' build argument 'cmake_args' from command line to 'None'
[0.267s] Level 5:colcon.colcon_core.verb:set package 'led_matrix_pub' build argument 'cmake_target' from command line to 'None'
[0.267s] Level 5:colcon.colcon_core.verb:set package 'led_matrix_pub' build argument 'cmake_target_skip_unavailable' from command line to 'False'
[0.267s] Level 5:colcon.colcon_core.verb:set package 'led_matrix_pub' build argument 'cmake_clean_cache' from command line to 'False'
[0.267s] Level 5:colcon.colcon_core.verb:set package 'led_matrix_pub' build argument 'cmake_clean_first' from command line to 'False'
[0.268s] Level 5:colcon.colcon_core.verb:set package 'led_matrix_pub' build argument 'cmake_force_configure' from command line to 'False'
[0.268s] Level 5:colcon.colcon_core.verb:set package 'led_matrix_pub' build argument 'ament_cmake_args' from command line to 'None'
[0.268s] Level 5:colcon.colcon_core.verb:set package 'led_matrix_pub' build argument 'catkin_cmake_args' from command line to 'None'
[0.268s] Level 5:colcon.colcon_core.verb:set package 'led_matrix_pub' build argument 'catkin_skip_building_tests' from command line to 'False'
[0.268s] DEBUG:colcon.colcon_core.verb:Building package 'led_matrix_pub' with the following arguments: {'ament_cmake_args': None, 'build_base': '/ros2_ws/build/led_matrix_pub', 'catkin_cmake_args': None, 'catkin_skip_building_tests': False, 'cmake_args': None, 'cmake_clean_cache': False, 'cmake_clean_first': False, 'cmake_force_configure': False, 'cmake_target': None, 'cmake_target_skip_unavailable': False, 'install_base': '/ros2_ws/install/led_matrix_pub', 'merge_install': False, 'path': '/ros2_ws/src/led_matrix_pub', 'symlink_install': False, 'test_result_base': None}
[0.268s] INFO:colcon.colcon_core.executor:Executing jobs using 'parallel' executor
[0.269s] DEBUG:colcon.colcon_parallel_executor.executor.parallel:run_until_complete
[0.269s] INFO:colcon.colcon_ros.task.ament_cmake.build:Building ROS package in '/ros2_ws/src/led_matrix_pub' with build type 'ament_cmake'
[0.270s] INFO:colcon.colcon_cmake.task.cmake.build:Building CMake package in '/ros2_ws/src/led_matrix_pub'
[0.271s] INFO:colcon.colcon_core.plugin_system:Skipping extension 'colcon_core.shell.bat': Not used on non-Windows systems
[0.271s] INFO:colcon.colcon_core.shell:Skip shell extension 'powershell' for command environment: Not usable outside of PowerShell
[0.272s] DEBUG:colcon.colcon_core.shell:Skip shell extension 'dsv' for command environment
[0.296s] DEBUG:colcon.colcon_core.event_handler.log_command:Invoking command in '/ros2_ws/build/led_matrix_pub': CMAKE_PREFIX_PATH=/ros2_ws/install/led_matrix_msgs:/ros2_ws/install/led_matrix_pub:/opt/ros/humble /usr/bin/cmake --build /ros2_ws/build/led_matrix_pub -- -j8 -l8
[4.093s] DEBUG:colcon.colcon_core.event_handler.log_command:Invoked command in '/ros2_ws/build/led_matrix_pub' returned '0': CMAKE_PREFIX_PATH=/ros2_ws/install/led_matrix_msgs:/ros2_ws/install/led_matrix_pub:/opt/ros/humble /usr/bin/cmake --build /ros2_ws/build/led_matrix_pub -- -j8 -l8
[4.107s] DEBUG:colcon.colcon_core.event_handler.log_command:Invoking command in '/ros2_ws/build/led_matrix_pub': CMAKE_PREFIX_PATH=/ros2_ws/install/led_matrix_msgs:/ros2_ws/install/led_matrix_pub:/opt/ros/humble /usr/bin/cmake --install /ros2_ws/build/led_matrix_pub
[4.140s] Level 1:colcon.colcon_core.environment:create_environment_scripts_only(led_matrix_pub)
[4.141s] DEBUG:colcon.colcon_core.event_handler.log_command:Invoked command in '/ros2_ws/build/led_matrix_pub' returned '0': CMAKE_PREFIX_PATH=/ros2_ws/install/led_matrix_msgs:/ros2_ws/install/led_matrix_pub:/opt/ros/humble /usr/bin/cmake --install /ros2_ws/build/led_matrix_pub
[4.142s] Level 1:colcon.colcon_core.environment:checking '/ros2_ws/install/led_matrix_pub' for CMake module files
[4.145s] Level 1:colcon.colcon_core.environment:checking '/ros2_ws/install/led_matrix_pub' for CMake config files
[4.146s] Level 1:colcon.colcon_core.shell:create_environment_hook('led_matrix_pub', 'cmake_prefix_path')
[4.146s] INFO:colcon.colcon_core.shell:Creating environment hook '/ros2_ws/install/led_matrix_pub/share/led_matrix_pub/hook/cmake_prefix_path.ps1'
[4.147s] INFO:colcon.colcon_core.shell:Creating environment descriptor '/ros2_ws/install/led_matrix_pub/share/led_matrix_pub/hook/cmake_prefix_path.dsv'
[4.148s] INFO:colcon.colcon_core.shell:Creating environment hook '/ros2_ws/install/led_matrix_pub/share/led_matrix_pub/hook/cmake_prefix_path.sh'
[4.149s] Level 1:colcon.colcon_core.environment:checking '/ros2_ws/install/led_matrix_pub/lib'
[4.150s] Level 1:colcon.colcon_core.environment:checking '/ros2_ws/install/led_matrix_pub/bin'
[4.150s] Level 1:colcon.colcon_core.environment:checking '/ros2_ws/install/led_matrix_pub/lib/pkgconfig/led_matrix_pub.pc'
[4.151s] Level 1:colcon.colcon_core.environment:checking '/ros2_ws/install/led_matrix_pub/lib/python3.10/site-packages'
[4.152s] Level 1:colcon.colcon_core.environment:checking '/ros2_ws/install/led_matrix_pub/bin'
[4.152s] INFO:colcon.colcon_core.shell:Creating package script '/ros2_ws/install/led_matrix_pub/share/led_matrix_pub/package.ps1'
[4.153s] INFO:colcon.colcon_core.shell:Creating package descriptor '/ros2_ws/install/led_matrix_pub/share/led_matrix_pub/package.dsv'
[4.154s] INFO:colcon.colcon_core.shell:Creating package script '/ros2_ws/install/led_matrix_pub/share/led_matrix_pub/package.sh'
[4.155s] INFO:colcon.colcon_core.shell:Creating package script '/ros2_ws/install/led_matrix_pub/share/led_matrix_pub/package.bash'
[4.155s] INFO:colcon.colcon_core.shell:Creating package script '/ros2_ws/install/led_matrix_pub/share/led_matrix_pub/package.zsh'
[4.156s] Level 1:colcon.colcon_core.environment:create_file_with_runtime_dependencies(/ros2_ws/install/led_matrix_pub/share/colcon-core/packages/led_matrix_pub)
[4.158s] Level 1:colcon.colcon_core.environment:create_environment_scripts_only(led_matrix_pub)
[4.158s] Level 1:colcon.colcon_core.environment:checking '/ros2_ws/install/led_matrix_pub' for CMake module files
[4.160s] Level 1:colcon.colcon_core.environment:checking '/ros2_ws/install/led_matrix_pub' for CMake config files
[4.161s] Level 1:colcon.colcon_core.shell:create_environment_hook('led_matrix_pub', 'cmake_prefix_path')
[4.161s] INFO:colcon.colcon_core.shell:Creating environment hook '/ros2_ws/install/led_matrix_pub/share/led_matrix_pub/hook/cmake_prefix_path.ps1'
[4.162s] INFO:colcon.colcon_core.shell:Creating environment descriptor '/ros2_ws/install/led_matrix_pub/share/led_matrix_pub/hook/cmake_prefix_path.dsv'
[4.163s] INFO:colcon.colcon_core.shell:Creating environment hook '/ros2_ws/install/led_matrix_pub/share/led_matrix_pub/hook/cmake_prefix_path.sh'
[4.164s] Level 1:colcon.colcon_core.environment:checking '/ros2_ws/install/led_matrix_pub/lib'
[4.164s] Level 1:colcon.colcon_core.environment:checking '/ros2_ws/install/led_matrix_pub/bin'
[4.164s] Level 1:colcon.colcon_core.environment:checking '/ros2_ws/install/led_matrix_pub/lib/pkgconfig/led_matrix_pub.pc'
[4.164s] Level 1:colcon.colcon_core.environment:checking '/ros2_ws/install/led_matrix_pub/lib/python3.10/site-packages'
[4.165s] Level 1:colcon.colcon_core.environment:checking '/ros2_ws/install/led_matrix_pub/bin'
[4.165s] INFO:colcon.colcon_core.shell:Creating package script '/ros2_ws/install/led_matrix_pub/share/led_matrix_pub/package.ps1'
[4.165s] INFO:colcon.colcon_core.shell:Creating package descriptor '/ros2_ws/install/led_matrix_pub/share/led_matrix_pub/package.dsv'
[4.166s] INFO:colcon.colcon_core.shell:Creating package script '/ros2_ws/install/led_matrix_pub/share/led_matrix_pub/package.sh'
[4.166s] INFO:colcon.colcon_core.shell:Creating package script '/ros2_ws/install/led_matrix_pub/share/led_matrix_pub/package.bash'
[4.167s] INFO:colcon.colcon_core.shell:Creating package script '/ros2_ws/install/led_matrix_pub/share/led_matrix_pub/package.zsh'
[4.168s] Level 1:colcon.colcon_core.environment:create_file_with_runtime_dependencies(/ros2_ws/install/led_matrix_pub/share/colcon-core/packages/led_matrix_pub)
[4.168s] DEBUG:colcon.colcon_parallel_executor.executor.parallel:closing loop
[4.169s] DEBUG:colcon.colcon_parallel_executor.executor.parallel:loop closed
[4.169s] DEBUG:colcon.colcon_parallel_executor.executor.parallel:run_until_complete finished with '0'
[4.169s] DEBUG:colcon.colcon_core.event_reactor:joining thread
[4.175s] INFO:colcon.colcon_core.plugin_system:Skipping extension 'colcon_notification.desktop_notification.notify_send': Could not find 'notify-send'
[4.176s] INFO:colcon.colcon_core.plugin_system:Skipping extension 'colcon_notification.desktop_notification.terminal_notifier': Not used on non-Darwin systems
[4.176s] INFO:colcon.colcon_core.plugin_system:Skipping extension 'colcon_notification.desktop_notification.win32': Not used on non-Windows systems
[4.176s] INFO:colcon.colcon_notification.desktop_notification:Sending desktop notification using 'notify2'
[4.176s] DEBUG:colcon.colcon_notification.desktop_notification.notify2:Failed to initialize notify2: org.freedesktop.DBus.Error.NotSupported: Unable to autolaunch a dbus-daemon without a $DISPLAY for X11
[4.176s] DEBUG:colcon.colcon_core.event_reactor:joined thread
[4.176s] INFO:colcon.colcon_core.shell:Creating prefix script '/ros2_ws/install/local_setup.ps1'
[4.178s] INFO:colcon.colcon_core.shell:Creating prefix util module '/ros2_ws/install/_local_setup_util_ps1.py'
[4.179s] INFO:colcon.colcon_core.shell:Creating prefix chain script '/ros2_ws/install/setup.ps1'
[4.181s] INFO:colcon.colcon_core.shell:Creating prefix script '/ros2_ws/install/local_setup.sh'
[4.182s] INFO:colcon.colcon_core.shell:Creating prefix util module '/ros2_ws/install/_local_setup_util_sh.py'
[4.183s] INFO:colcon.colcon_core.shell:Creating prefix chain script '/ros2_ws/install/setup.sh'
[4.184s] INFO:colcon.colcon_core.shell:Creating prefix script '/ros2_ws/install/local_setup.bash'
[4.185s] INFO:colcon.colcon_core.shell:Creating prefix chain script '/ros2_ws/install/setup.bash'
[4.187s] INFO:colcon.colcon_core.shell:Creating prefix script '/ros2_ws/install/local_setup.zsh'
[4.188s] INFO:colcon.colcon_core.shell:Creating prefix chain script '/ros2_ws/install/setup.zsh'
