[0.015s] Invoking command in '/ros2_ws/build/led_matrix_msgs': CMAKE_PREFIX_PATH=${CMAKE_PREFIX_PATH}:/opt/ros/humble /usr/bin/cmake --build /ros2_ws/build/led_matrix_msgs -- -j8 -l8
[0.066s] Invoked command in '/ros2_ws/build/led_matrix_msgs' returned '0': CMAKE_PREFIX_PATH=${CMAKE_PREFIX_PATH}:/opt/ros/humble /usr/bin/cmake --build /ros2_ws/build/led_matrix_msgs -- -j8 -l8
[0.077s] Invoking command in '/ros2_ws/build/led_matrix_msgs': CMAKE_PREFIX_PATH=${CMAKE_PREFIX_PATH}:/opt/ros/humble /usr/bin/cmake --install /ros2_ws/build/led_matrix_msgs
[0.083s] -- Install configuration: ""
[0.084s] -- Up-to-date: /ros2_ws/install/led_matrix_msgs/share/ament_index/resource_index/package_run_dependencies/led_matrix_msgs
[0.084s] -- Up-to-date: /ros2_ws/install/led_matrix_msgs/share/ament_index/resource_index/parent_prefix_path/led_matrix_msgs
[0.085s] -- Up-to-date: /ros2_ws/install/led_matrix_msgs/share/led_matrix_msgs/environment/ament_prefix_path.sh
[0.085s] -- Up-to-date: /ros2_ws/install/led_matrix_msgs/share/led_matrix_msgs/environment/ament_prefix_path.dsv
[0.085s] -- Up-to-date: /ros2_ws/install/led_matrix_msgs/share/led_matrix_msgs/environment/path.sh
[0.086s] -- Up-to-date: /ros2_ws/install/led_matrix_msgs/share/led_matrix_msgs/environment/path.dsv
[0.086s] -- Up-to-date: /ros2_ws/install/led_matrix_msgs/share/led_matrix_msgs/local_setup.bash
[0.087s] -- Up-to-date: /ros2_ws/install/led_matrix_msgs/share/led_matrix_msgs/local_setup.sh
[0.087s] -- Up-to-date: /ros2_ws/install/led_matrix_msgs/share/led_matrix_msgs/local_setup.zsh
[0.088s] -- Up-to-date: /ros2_ws/install/led_matrix_msgs/share/led_matrix_msgs/local_setup.dsv
[0.088s] -- Installing: /ros2_ws/install/led_matrix_msgs/share/led_matrix_msgs/package.dsv
[0.091s] -- Up-to-date: /ros2_ws/install/led_matrix_msgs/share/ament_index/resource_index/packages/led_matrix_msgs
[0.091s] -- Up-to-date: /ros2_ws/install/led_matrix_msgs/share/led_matrix_msgs/cmake/led_matrix_msgsConfig.cmake
[0.092s] -- Up-to-date: /ros2_ws/install/led_matrix_msgs/share/led_matrix_msgs/cmake/led_matrix_msgsConfig-version.cmake
[0.092s] -- Up-to-date: /ros2_ws/install/led_matrix_msgs/share/led_matrix_msgs/package.xml
[0.095s] Invoked command in '/ros2_ws/build/led_matrix_msgs' returned '0': CMAKE_PREFIX_PATH=${CMAKE_PREFIX_PATH}:/opt/ros/humble /usr/bin/cmake --install /ros2_ws/build/led_matrix_msgs
