[0.018s] Invoking command in '/ros2_ws/build/led_matrix_msgs': CMAKE_PREFIX_PATH=/opt/ros/humble /usr/bin/cmake /ros2_ws/src/led_matrix_msgs -DCMAKE_INSTALL_PREFIX=/ros2_ws/install/led_matrix_msgs
[0.238s] -- The C compiler identification is GNU 11.4.0
[0.371s] -- The CXX compiler identification is GNU 11.4.0
[0.386s] -- Detecting C compiler ABI info
[0.510s] -- Detecting C compiler ABI info - done
[0.522s] -- Check for working C compiler: /usr/bin/cc - skipped
[0.522s] -- Detecting C compile features
[0.523s] -- Detecting C compile features - done
[0.528s] -- Detecting CXX compiler ABI info
[0.627s] -- Detecting CXX compiler ABI info - done
[0.638s] -- Check for working CXX compiler: /usr/bin/c++ - skipped
[0.639s] -- Detecting CXX compile features
[0.639s] -- Detecting CXX compile features - done
[0.644s] -- Found ament_cmake: 1.3.11 (/opt/ros/humble/share/ament_cmake/cmake)
[0.770s] -- Found Python3: /usr/bin/python3 (found version "3.10.12") found components: Interpreter 
[0.852s] -- Found ament_lint_auto: 0.12.12 (/opt/ros/humble/share/ament_lint_auto/cmake)
[0.942s] -- Added test 'lint_cmake' to check CMake code style
[0.951s] -- Added test 'xmllint' to check XML markup files
[0.961s] -- Configuring done
[0.983s] -- Generating done
[0.998s] -- Build files have been written to: /ros2_ws/build/led_matrix_msgs
[1.000s] Invoked command in '/ros2_ws/build/led_matrix_msgs' returned '0': CMAKE_PREFIX_PATH=/opt/ros/humble /usr/bin/cmake /ros2_ws/src/led_matrix_msgs -DCMAKE_INSTALL_PREFIX=/ros2_ws/install/led_matrix_msgs
[1.003s] Invoking command in '/ros2_ws/build/led_matrix_msgs': CMAKE_PREFIX_PATH=/opt/ros/humble /usr/bin/cmake --build /ros2_ws/build/led_matrix_msgs -- -j8 -l8
[1.035s] Invoked command in '/ros2_ws/build/led_matrix_msgs' returned '0': CMAKE_PREFIX_PATH=/opt/ros/humble /usr/bin/cmake --build /ros2_ws/build/led_matrix_msgs -- -j8 -l8
[1.044s] Invoking command in '/ros2_ws/build/led_matrix_msgs': CMAKE_PREFIX_PATH=/opt/ros/humble /usr/bin/cmake --install /ros2_ws/build/led_matrix_msgs
[1.049s] -- Install configuration: ""
[1.051s] -- Installing: /ros2_ws/install/led_matrix_msgs/share/ament_index/resource_index/package_run_dependencies/led_matrix_msgs
[1.053s] -- Installing: /ros2_ws/install/led_matrix_msgs/share/ament_index/resource_index/parent_prefix_path/led_matrix_msgs
[1.056s] -- Installing: /ros2_ws/install/led_matrix_msgs/share/led_matrix_msgs/environment/ament_prefix_path.sh
[1.058s] -- Installing: /ros2_ws/install/led_matrix_msgs/share/led_matrix_msgs/environment/ament_prefix_path.dsv
[1.060s] -- Installing: /ros2_ws/install/led_matrix_msgs/share/led_matrix_msgs/environment/path.sh
[1.062s] -- Installing: /ros2_ws/install/led_matrix_msgs/share/led_matrix_msgs/environment/path.dsv
[1.064s] -- Installing: /ros2_ws/install/led_matrix_msgs/share/led_matrix_msgs/local_setup.bash
[1.066s] -- Installing: /ros2_ws/install/led_matrix_msgs/share/led_matrix_msgs/local_setup.sh
[1.068s] -- Installing: /ros2_ws/install/led_matrix_msgs/share/led_matrix_msgs/local_setup.zsh
[1.070s] -- Installing: /ros2_ws/install/led_matrix_msgs/share/led_matrix_msgs/local_setup.dsv
[1.073s] -- Installing: /ros2_ws/install/led_matrix_msgs/share/led_matrix_msgs/package.dsv
[1.075s] -- Installing: /ros2_ws/install/led_matrix_msgs/share/ament_index/resource_index/packages/led_matrix_msgs
[1.078s] -- Installing: /ros2_ws/install/led_matrix_msgs/share/led_matrix_msgs/cmake/led_matrix_msgsConfig.cmake
[1.079s] -- Installing: /ros2_ws/install/led_matrix_msgs/share/led_matrix_msgs/cmake/led_matrix_msgsConfig-version.cmake
[1.082s] -- Installing: /ros2_ws/install/led_matrix_msgs/share/led_matrix_msgs/package.xml
[1.086s] Invoked command in '/ros2_ws/build/led_matrix_msgs' returned '0': CMAKE_PREFIX_PATH=/opt/ros/humble /usr/bin/cmake --install /ros2_ws/build/led_matrix_msgs
